<?xml version="1.0" encoding="UTF-8"?>
<!-- Generated by org.testng.reporters.JUnitReportReporter -->
<testsuite hostname="QT-INBG-LT0167" failures="0" tests="1" name="testcase.logintestcase" time="4.667" errors="0" timestamp="2021-03-22T11:29:49 IST" skipped="0">
  <testcase classname="testcase.logintestcase" name="login" time="4.667"/>
  <system-out/>
</testsuite> <!-- testcase.logintestcase -->
